{
  "RSpec": {
    "coverage": {
      "/Users/jdickey/proj/annoyingly/app/helpers/application_helper.rb": [
        1,
        null
      ],
      "/Users/jdickey/proj/annoyingly/app/controllers/application_controller.rb": [
        1,
        1,
        null,
        1,
        null,
        1,
        null,
        1,
        0,
        null,
        1,
        null,
        1,
        0,
        null,
        null,
        null
      ],
      "/Users/jdickey/proj/annoyingly/app/controllers/emails_controller.rb": [
        1,
        1,
        1,
        null,
        1,
        1,
        1,
        1,
        null,
        null,
        1,
        null,
        1,
        0,
        0,
        null,
        0,
        0,
        0,
        null,
        null,
        null
      ],
      "/Users/jdickey/proj/annoyingly/app/controllers/tickets_controller.rb": [
        1,
        1,
        0,
        null,
        null
      ],
      "/Users/jdickey/proj/annoyingly/app/models/ticket.rb": [
        1,
        1,
        null,
        1,
        0,
        null,
        null
      ],
      "/Users/jdickey/proj/annoyingly/app/controllers/user_sessions_controller.rb": [
        1,
        null,
        1,
        null,
        1,
        null,
        null,
        1,
        0,
        0,
        0,
        0,
        null,
        0,
        0,
        null,
        null,
        null
      ],
      "/Users/jdickey/proj/annoyingly/app/controllers/users_controller.rb": [
        1,
        null,
        1,
        null,
        1,
        0,
        null,
        null,
        1,
        0,
        0,
        0,
        null,
        0,
        null,
        null,
        null
      ],
      "/Users/jdickey/proj/annoyingly/app/models/user.rb": [
        1,
        1,
        1,
        null,
        1,
        1,
        1,
        null,
        1,
        0,
        0,
        null,
        null,
        1,
        0,
        null,
        null
      ],
      "/Users/jdickey/proj/annoyingly/app/models/message.rb": [
        1,
        1,
        null,
        1,
        null,
        1,
        1,
        1,
        null,
        1,
        null,
        1,
        0,
        null,
        null,
        1,
        null,
        1,
        0,
        null,
        null
      ]
    },
    "timestamp": 1340496980
  }
}
